{"ID":1,"Coords":[{"X":15753.1585866,"Y":-19566.2022292,"ID":1},{"X":15929.1585866,"Y":-20394.2022292,"ID":2}]}
{"ID":2,"Coords":[{"X":19333.5830248,"Y":-20089.0452383,"ID":1},{"X":19917.5830248,"Y":-19995.0452383,"ID":2},{"X":20471.5830248,"Y":-19879.0452383,"ID":3}]}
{"ID":3,"Coords":[{"X":20475.5830248,"Y":-19873.0452383,"ID":1},{"X":20581.5830248,"Y":-19855.0452383,"ID":2},{"X":20599.5830248,"Y":-19903.0452383,"ID":3},{"X":21101.5830248,"Y":-19869.0452383,"ID":4}]}
{"ID":4,"Coords":[{"X":15499.412147,"Y":-18311.8567119,"ID":1},{"X":15747.412147,"Y":-19567.8567119,"ID":2}]}
{"ID":5,"Coords":[{"X":31404,"Y":-21196,"ID":1},{"X":32580,"Y":-21340,"ID":2},{"X":33204,"Y":-21796,"ID":3},{"X":34804,"Y":-21764,"ID":4}]}
{"ID":6,"Coords":[{"X":34805,"Y":-21761,"ID":1},{"X":35571,"Y":-21613,"ID":2},{"X":35791,"Y":-22389,"ID":3}]}
{"ID":7,"Coords":[{"X":35789,"Y":-22387,"ID":1},{"X":35985,"Y":-22817,"ID":2},{"X":36303,"Y":-23427,"ID":3}]}
{"ID":8,"Coords":[{"X":36295,"Y":-23423,"ID":1},{"X":36607,"Y":-24005,"ID":2},{"X":36831,"Y":-24155,"ID":3},{"X":37549,"Y":-24169,"ID":4}]}
{"ID":9,"Coords":[{"X":37560,"Y":-24156,"ID":1},{"X":37788,"Y":-24328,"ID":2},{"X":37756,"Y":-25380,"ID":3}]}
{"ID":10,"Coords":[{"X":37762,"Y":-25374,"ID":1},{"X":37761,"Y":-25853,"ID":2},{"X":37803,"Y":-26507,"ID":3}]}
{"ID":11,"Coords":[{"X":37803,"Y":-26507,"ID":1},{"X":37867,"Y":-27481,"ID":2},{"X":37754,"Y":-28632,"ID":3}]}
{"ID":12,"Coords":[{"X":37751,"Y":-28631,"ID":1},{"X":37675,"Y":-29627,"ID":2}]}
{"ID":13,"Coords":[{"X":37663,"Y":-29635,"ID":1},{"X":37617,"Y":-30281,"ID":2},{"X":38601,"Y":-30487,"ID":3}]}
{"ID":14,"Coords":[{"X":38600,"Y":-30488,"ID":1},{"X":40024,"Y":-30784,"ID":2},{"X":40544,"Y":-30888,"ID":4}]}
{"ID":15,"Coords":[{"X":40551,"Y":-30887,"ID":1},{"X":40749,"Y":-30911,"ID":2},{"X":41101,"Y":-30893,"ID":3},{"X":42433,"Y":-30767,"ID":4}]}
{"ID":16,"Coords":[{"X":42436,"Y":-30758,"ID":1},{"X":42412,"Y":-30738,"ID":2},{"X":40768,"Y":-30886,"ID":3},{"X":40004,"Y":-30742,"ID":4},{"X":39964,"Y":-32134,"ID":5}]}
{"ID":17,"Coords":[{"X":39964,"Y":-32114,"ID":1},{"X":39788,"Y":-34586,"ID":2},{"X":39636,"Y":-35354,"ID":3},{"X":39308,"Y":-36178,"ID":4}]}
{"ID":18,"Coords":[{"X":39306,"Y":-36168,"ID":1},{"X":39006,"Y":-36612,"ID":2},{"X":38570,"Y":-37092,"ID":3},{"X":37414,"Y":-38268,"ID":4}]}
{"ID":19,"Coords":[{"X":37422,"Y":-38266,"ID":1},{"X":36638,"Y":-39066,"ID":2},{"X":35926,"Y":-39202,"ID":3},{"X":33470,"Y":-39186,"ID":4}]}
{"ID":20,"Coords":[{"X":33446,"Y":-39186,"ID":1},{"X":30870,"Y":-39194,"ID":2},{"X":30886,"Y":-40914,"ID":3}]}
{"ID":21,"Coords":[{"X":30888,"Y":-40914,"ID":1},{"X":29468,"Y":-40718,"ID":2},{"X":28980,"Y":-40946,"ID":3}]}
{"ID":22,"Coords":[{"X":28972,"Y":-40950,"ID":1},{"X":28488,"Y":-40978,"ID":2},{"X":26832,"Y":-40542,"ID":3}]}
{"ID":23,"Coords":[{"X":26815,"Y":-40534,"ID":1},{"X":26435,"Y":-40442,"ID":2},{"X":25931,"Y":-40374,"ID":3}]}
{"ID":24,"Coords":[{"X":25935,"Y":-40370,"ID":1},{"X":25451,"Y":-40402,"ID":2},{"X":25615,"Y":-39230,"ID":3}]}
{"ID":25,"Coords":[{"X":25610,"Y":-39231,"ID":1},{"X":24956,"Y":-39165,"ID":2},{"X":24926,"Y":-39847,"ID":3}]}
{"ID":26,"Coords":[{"X":24953,"Y":-39160,"ID":1},{"X":24065,"Y":-39252,"ID":2},{"X":23341,"Y":-39404,"ID":3}]}
{"ID":27,"Coords":[{"X":23321,"Y":-39404,"ID":1},{"X":23261,"Y":-39944,"ID":2},{"X":22293,"Y":-39752,"ID":3}]}
{"ID":28,"Coords":[{"X":22275,"Y":-39746,"ID":1},{"X":22035,"Y":-39802,"ID":2},{"X":21929,"Y":-38360,"ID":3}]}
{"ID":29,"Coords":[{"X":21915,"Y":-38346,"ID":1},{"X":21699,"Y":-37074,"ID":2},{"X":21491,"Y":-35890,"ID":3}]}
{"ID":30,"Coords":[{"X":21411,"Y":-35394,"ID":1},{"X":21491,"Y":-35898,"ID":2}]}
{"ID":31,"Coords":[{"X":14211,"Y":-18178,"ID":1},{"X":15523,"Y":-18306,"ID":2}]}
{"ID":32,"Coords":[{"X":15915,"Y":-20362,"ID":1},{"X":15987,"Y":-20874,"ID":2},{"X":16483,"Y":-20882,"ID":3},{"X":18307,"Y":-20378,"ID":4}]}
{"ID":33,"Coords":[{"X":19339,"Y":-20074,"ID":1},{"X":18299,"Y":-20378,"ID":2}]}
{"ID":34,"Coords":[{"X":11753,"Y":-18312,"ID":1},{"X":11441,"Y":-17440,"ID":2},{"X":11569,"Y":-16760,"ID":3}]}
{"ID":35,"Coords":[{"X":10713,"Y":-16336,"ID":1},{"X":11177,"Y":-16272,"ID":2},{"X":11337,"Y":-16048,"ID":3},{"X":11481,"Y":-16064,"ID":4},{"X":11577,"Y":-16760,"ID":5}]}
{"ID":36,"Coords":[{"X":10697,"Y":-16336,"ID":1},{"X":9889,"Y":-16656,"ID":2},{"X":8449,"Y":-17080,"ID":3}]}
{"ID":37,"Coords":[{"X":6273,"Y":-18080,"ID":1},{"X":8417,"Y":-17080,"ID":2}]}
{"ID":38,"Coords":[{"X":11751,"Y":-18306,"ID":1},{"X":13563,"Y":-18218,"ID":2},{"X":14223,"Y":-18190,"ID":3}]}
{"ID":39,"Coords":[{"X":21281,"Y":-21434,"ID":1},{"X":21337,"Y":-21794,"ID":2},{"X":23089,"Y":-21674,"ID":3},{"X":23785,"Y":-21682,"ID":4},{"X":24737,"Y":-21442,"ID":5}]}
{"ID":40,"Coords":[{"X":21421.229803641,"Y":-35367.911765374,"ID":1},{"X":21405.229803641,"Y":-35007.911765374,"ID":2},{"X":18453.229803641,"Y":-36079.911765374,"ID":3}]}
{"ID":41,"Coords":[{"X":18437.229803641,"Y":-36087.911765374,"ID":1},{"X":16677.229803641,"Y":-36735.911765374,"ID":2},{"X":15805.229803641,"Y":-36783.911765374,"ID":3},{"X":15133.229803641,"Y":-36743.911765374,"ID":4}]}
{"ID":42,"Coords":[{"X":15125.229803641,"Y":-36743.911765374,"ID":1},{"X":13461.229803641,"Y":-36183.911765374,"ID":2},{"X":12109.229803641,"Y":-35759.911765374,"ID":3}]}
{"ID":43,"Coords":[{"X":12105.229803641,"Y":-35771.911765374,"ID":1},{"X":10105.229803641,"Y":-35707.911765374,"ID":2},{"X":4873.2298036411,"Y":-35787.911765374,"ID":3}]}
{"ID":44,"Coords":[{"X":921.2298036411,"Y":-35339.911765374,"ID":1},{"X":1177.2298036411,"Y":-36331.911765374,"ID":2},{"X":4937.2298036411,"Y":-35803.911765374,"ID":3}]}
{"ID":45,"Coords":[{"X":909.2298036411,"Y":-35343.911765374,"ID":1},{"X":821.2298036411,"Y":-35567.911765374,"ID":2}]}
{"ID":46,"Coords":[{"X":925.2298036411,"Y":-35343.911765374,"ID":1},{"X":1133.2298036411,"Y":-35479.911765374,"ID":2}]}
{"ID":47,"Coords":[{"X":31140,"Y":-39184,"ID":1},{"X":31090,"Y":-38962,"ID":2}]}
{"ID":52,"Coords":[{"X":-25504,"Y":-49264,"ID":1},{"X":-24416,"Y":-49252,"ID":2},{"X":-23958,"Y":-49250,"ID":3}]}
{"ID":53,"Coords":[{"X":-23778,"Y":-49252,"ID":1},{"X":-23012,"Y":-49236,"ID":2},{"X":-22622,"Y":-49238,"ID":3},{"X":-22444,"Y":-49266,"ID":4},{"X":-21948,"Y":-49428,"ID":5},{"X":-21818,"Y":-49446,"ID":6}]}
{"ID":54,"Coords":[{"X":-21790,"Y":-49450,"ID":1},{"X":-21318,"Y":-49444,"ID":2},{"X":-21338,"Y":-49334,"ID":3},{"X":-21380,"Y":-49142,"ID":4},{"X":-21558,"Y":-48834,"ID":5},{"X":-21848,"Y":-48614,"ID":6},{"X":-22206,"Y":-48424,"ID":7}]}
{"ID":55,"Coords":[{"X":-22248,"Y":-48404,"ID":1},{"X":-22576,"Y":-48226,"ID":2},{"X":-22860,"Y":-48020,"ID":3},{"X":-23056,"Y":-47784,"ID":4},{"X":-23220,"Y":-47476,"ID":5}]}
{"ID":56,"Coords":[{"X":-23235,"Y":-47475,"ID":1},{"X":-23477,"Y":-47542,"ID":2},{"X":-23831,"Y":-47666,"ID":3},{"X":-24095,"Y":-47764,"ID":4}]}
{"ID":57,"Coords":[{"X":-24105,"Y":-47768,"ID":1},{"X":-24230,"Y":-47855,"ID":2},{"X":-24316,"Y":-47882,"ID":3},{"X":-24599,"Y":-47901,"ID":4},{"X":-24857,"Y":-47911,"ID":5},{"X":-25039,"Y":-47957,"ID":6}]}
{"ID":58,"Coords":[{"X":-25058,"Y":-47959,"ID":1},{"X":-25419,"Y":-48047,"ID":2},{"X":-25586,"Y":-48080,"ID":3},{"X":-25815,"Y":-48082,"ID":4},{"X":-26062,"Y":-48107,"ID":5}]}
{"ID":59,"Coords":[{"X":-26244,"Y":-47289,"ID":1},{"X":-26302,"Y":-46993,"ID":2},{"X":-27286,"Y":-47103,"ID":3}]}
{"ID":60,"Coords":[{"X":-27295,"Y":-47101,"ID":1},{"X":-27356,"Y":-46609,"ID":2}]}
{"ID":61,"Coords":[{"X":-27296,"Y":-47131,"ID":1},{"X":-27192,"Y":-48159,"ID":2}]}
{"ID":62,"Coords":[{"X":-27191,"Y":-48170,"ID":1},{"X":-27183,"Y":-48231,"ID":2},{"X":-27368,"Y":-48231,"ID":3}]}
{"ID":72,"Coords":[{"X":-26101,"Y":-48078,"ID":1},{"X":-26161,"Y":-47714,"ID":2},{"X":-26233,"Y":-47322,"ID":3}]}
{"ID":76,"Coords":[{"X":-28632,"Y":-49448,"ID":1},{"X":-27400,"Y":-49510,"ID":2},{"X":-27246,"Y":-49480,"ID":3}]}
{"ID":77,"Coords":[{"X":-27192,"Y":-49456,"ID":1},{"X":-26192,"Y":-49280,"ID":2},{"X":-24920,"Y":-49264,"ID":3}]}
{"ID":78,"Coords":[{"X":-24820,"Y":-49256,"ID":1},{"X":-23864,"Y":-49236,"ID":2}]}
{"ID":79,"Coords":[{"X":-31176,"Y":-46582,"ID":1},{"X":-31043,"Y":-46582,"ID":2},{"X":-30924,"Y":-46577,"ID":3},{"X":-30924,"Y":-46641,"ID":4},{"X":-30871,"Y":-46645,"ID":5},{"X":-30871,"Y":-46654,"ID":6},{"X":-30925,"Y":-46651,"ID":7},{"X":-30926,"Y":-46731,"ID":8},{"X":-30926,"Y":-46853,"ID":9},{"X":-30778,"Y":-46847,"ID":10},{"X":-30779,"Y":-46855,"ID":11},{"X":-31153,"Y":-46861,"ID":12},{"X":-31181,"Y":-46867,"ID":13},{"X":-31204,"Y":-46915,"ID":14}]}
{"ID":80,"Coords":[{"X":-31207,"Y":-46917,"ID":1},{"X":-31225,"Y":-46960,"ID":2},{"X":-31258,"Y":-47041,"ID":3},{"X":-31283,"Y":-47113,"ID":4},{"X":-31305,"Y":-47160,"ID":5},{"X":-31395,"Y":-47290,"ID":6}]}
{"ID":81,"Coords":[{"X":-31399,"Y":-47294,"ID":1},{"X":-31421,"Y":-47351,"ID":2},{"X":-31437,"Y":-47397,"ID":3},{"X":-31495,"Y":-47568,"ID":4},{"X":-31505,"Y":-47593,"ID":5},{"X":-31522,"Y":-47681,"ID":6},{"X":-31547,"Y":-47880,"ID":7}]}
{"ID":82,"Coords":[{"X":-31546,"Y":-47887,"ID":1},{"X":-31117,"Y":-48155,"ID":2}]}
{"ID":83,"Coords":[{"X":-31112,"Y":-48163,"ID":1},{"X":-31107,"Y":-48423,"ID":2},{"X":-31177,"Y":-48515,"ID":3},{"X":-31192,"Y":-48542,"ID":4},{"X":-31275,"Y":-48731,"ID":5}]}
{"ID":84,"Coords":[{"X":-31278,"Y":-48738,"ID":1},{"X":-31306,"Y":-48795,"ID":2},{"X":-31390,"Y":-48988,"ID":3},{"X":-31418,"Y":-49043,"ID":4},{"X":-31044,"Y":-49283,"ID":5}]}
{"ID":86,"Coords":[{"X":-30,"Y":43855,"ID":1},{"X":-251,"Y":43527,"ID":2},{"X":-388,"Y":43613,"ID":3},{"X":-456,"Y":43509,"ID":4},{"X":-580,"Y":43578,"ID":5},{"X":-586,"Y":43575,"ID":6},{"X":-454,"Y":43499,"ID":7},{"X":-386,"Y":43604,"ID":8},{"X":-315,"Y":43558,"ID":9},{"X":-258,"Y":43521,"ID":10},{"X":-383,"Y":43347,"ID":11}]}
{"ID":87,"Coords":[{"X":-385,"Y":43338,"ID":1},{"X":-638,"Y":42958,"ID":2},{"X":-732,"Y":42816,"ID":3},{"X":-1154,"Y":43065,"ID":4},{"X":-1225,"Y":43110,"ID":5}]}
{"ID":88,"Coords":[{"X":-1226,"Y":43114,"ID":1},{"X":-1555,"Y":43305,"ID":2}]}
{"ID":89,"Coords":[{"X":-1555,"Y":43303,"ID":1},{"X":-1990,"Y":43562,"ID":2},{"X":-1916,"Y":43682,"ID":3},{"X":-2016,"Y":43736,"ID":4},{"X":-2172,"Y":43492,"ID":5},{"X":-2179,"Y":43460,"ID":6},{"X":-2232,"Y":43384,"ID":7}]}
{"ID":90,"Coords":[{"X":-2238,"Y":43388,"ID":1},{"X":-2357,"Y":43487,"ID":2},{"X":-2466,"Y":43309,"ID":3},{"X":-2617,"Y":43421,"ID":4},{"X":-2291,"Y":43890,"ID":5}]}
{"ID":91,"Coords":[{"X":-2281,"Y":43892,"ID":1},{"X":-2135,"Y":44119,"ID":2}]}
{"ID":92,"Coords":[{"X":-2152,"Y":44128,"ID":1},{"X":-2300,"Y":43900,"ID":2},{"X":-2502,"Y":44008,"ID":3},{"X":-2799,"Y":44175,"ID":4}]}
{"ID":93,"Coords":[{"X":-2799,"Y":44175,"ID":1},{"X":-2788,"Y":44186,"ID":2},{"X":-2499,"Y":44017,"ID":3},{"X":-2258,"Y":44359,"ID":4}]}
{"ID":94,"Coords":[{"X":-2252,"Y":44365,"ID":1},{"X":-2070,"Y":44628,"ID":2},{"X":-1995,"Y":44749,"ID":3},{"X":-1989,"Y":44755,"ID":4}]}
{"ID":95,"Coords":[{"X":-1914,"Y":44965,"ID":1},{"X":-1975,"Y":44753,"ID":2}]}
