{"ID":1,"X":"21275.5796947935","Y":"-20498.3786113951","Info":"\u5b63\u6865\u4e09\u53f7\u8def-Y458||\u8003\u5bdf\u70b96||11:20||\u662f\u5426\u4e3a\u82d7\u6728\u3001\u8bbe\u65bd\u7cae\u7530\u3001\u679c\u6797\uff1f"}
{"ID":2,"X":16098.6117684,"Y":-20324.0686632,"Info":"\u5eb7\u65b0\u516c\u8def-\u66f9\u6768\u6e2f\u6865||\u8003\u5bdf\u70b93||10:10||\u662f\u5426\u4e3a\u82d7\u6728\uff1f"}
{"ID":3,"X":"17352.373885128","Y":"-20393.2140347277","Info":"Y433||\u8003\u5bdf\u70b94||10:30||\u662f\u5426\u4e3a\u8bbe\u65bd\u7cae\u7530\u3001\u82d7\u6728\uff1f"}
{"ID":4,"X":34291.785156587,"Y":-21929.723260591,"Info":"1||1||8:00||caitian"}
{"ID":5,"X":37803.345863445,"Y":-24828.803324293,"Info":"2||2||8:30||\u6854\u5b50\u6811\u6797"}
{"ID":6,"X":37810.48669247,"Y":-26170.104471493,"Info":"3||3||8\uff1a34||\u8461\u8404"}
{"ID":7,"X":"37716.8115066811","Y":"-29550.5139611494","Info":"3||3||8\uff1a40||\u4e0a\u6d77\u65b0\u6c47\u79cd\u79bd\u573a"}
{"ID":8,"X":37738.811506681,"Y":-29426.513961149,"Info":"4||4||8\uff1a40||\u519c\u6797\u5b66\u9662"}
{"ID":9,"X":38168.047809685,"Y":-30545.528495482,"Info":"5||5||8\uff1a50||\u82d7\u6728"}
{"ID":10,"X":34528.606312413,"Y":-39013.32318802,"Info":"7||7||9\uff1a26||\u5de5\u4e1a\u7528\u5730"}
{"ID":11,"X":27247.517116368,"Y":-40802.259786837,"Info":"8||8||9\uff1a56||\u83dc\u7530"}
{"ID":12,"X":23618.713723455,"Y":-39506.231991178,"Info":"10||10||10\uff1a20||\u82d7\u6728"}
{"ID":13,"X":23089.650591465,"Y":-40076.330068615,"Info":"11||11||10\uff1a22||\u82d7\u6728"}
{"ID":14,"X":21511.503304759,"Y":-35827.13313028,"Info":"12||12||10\uff1a28||\u8461\u8404\u5730"}
{"ID":15,"X":"42017.45536414146","Y":"-31095.783941394744","Info":"6||6||9\uff1a12||\u9c7c\u5858\u6539\u9020\u826f\u7530\uff1a\u4e1c\u6d77\u519c\u573a"}
{"ID":16,"X":38498,"Y":-37252,"Info":"6||6||9:21||\u751f\u6001\u6797\u5730\u8def\u7684\u4e24\u8fb9\u4e0a"}
{"ID":17,"X":29895,"Y":-40859,"Info":"8||8||9:52||\u83dc\u5730"}
{"ID":18,"X":13282,"Y":-18409,"Info":"2||2||13:30||\u5927\u68da \u8461\u8404"}
{"ID":19,"X":8997.7298036411,"Y":-16859.411765375,"Info":"1||1||13:20||\u8fde\u6d1e\u5927\u68da"}
{"ID":20,"X":"31176","Y":"-39008","Info":"\u519c\u573a||\u519c\u573a||9\uff1a:4||\u83dc\u5730"}
{"ID":21,"X":"9084.7298036411","Y":"-16942.411765375","Info":"2||2||13:20  2014\u5e743\u670829\u65e5||\u83dc\u7530"}
{"ID":22,"X":"14645","Y":"-18328","Info":"3||3||13:30 2014\u5e743\u670829\u65e5||\u82d7\u6728"}
{"ID":23,"X":"24903.4933644496","Y":"-39567.2753495588","Info":"9||9||10\uff1a17 2014\u5e743\u670830\u65e5||\u5de6\u8fb9\u83dc\u7530"}
{"ID":24,"X":"26486.030482037","Y":"-40585.447597135","Info":"9||9||9\uff1a58 2014\u5e743\u670830\u65e5||\u826f\u7530"}
{"ID":25,"X":-30380,"Y":-46417,"Info":"\u5eca\u4e0b\u9547||\u7cae\u7530||0||11"}
{"ID":27,"X":-29555,"Y":-46681,"Info":"\u5eca\u4e0b||1||1||13"}
{"ID":28,"X":-29105,"Y":-46302,"Info":"\u5eca\u4e0b||1||1||15"}
{"ID":29,"X":-28347,"Y":-45631,"Info":"\u5eca\u4e0b||1||1||16"}
{"ID":30,"X":-27421,"Y":-47137,"Info":"\u5eca\u4e0b||1||1||17"}
{"ID":31,"X":-27405,"Y":-47019,"Info":"\u5eca\u4e0b||3||3||31"}
{"ID":32,"X":-26434,"Y":-47156,"Info":"\u5eca\u4e0b||8||8||81"}
{"ID":33,"X":-26174,"Y":-47155,"Info":"\u5eca\u4e0b||\u672a\u77e5||8||82"}
{"ID":34,"X":-25955,"Y":-47183,"Info":"\u5eca\u4e0b||\u672a\u77e5||8||83"}
{"ID":35,"X":-26058,"Y":-47536,"Info":"\u5eca\u4e0b||\u672a\u77e5||8||84"}
{"ID":36,"X":-25766,"Y":-47693,"Info":"\u5eca\u4e0b||\u83dc\u7530||2||21"}
{"ID":37,"X":-25380,"Y":-47516,"Info":"\u5eca\u4e0b||\u83dc\u7530||2||22"}
{"ID":38,"X":-24884,"Y":-47365,"Info":"\u5eca\u4e0b||\u83dc\u7530||2||23"}
{"ID":39,"X":-24388,"Y":-48234,"Info":"\u5eca\u4e0b||\u672a\u77e5||8||85"}
{"ID":39,"X":-23890,"Y":-48383,"Info":"\u5eca\u4e0b||\u672a\u77e5||8||86"}
{"ID":40,"X":-23093,"Y":-48553,"Info":"\u5eca\u4e0b||\u679c\u6797||3||32"}
{"ID":41,"X":"-23118","Y":"-48121","Info":"\u5eca\u4e0b||\u679c\u6797||3||33"}
{"ID":42,"X":-22726,"Y":-48413,"Info":"\u5eca\u4e0b||\u679c\u6797||3||34"}
{"ID":43,"X":-23192,"Y":-48352,"Info":"\u5eca\u4e0b||\u679c\u6797||3||35"}
{"ID":44,"X":-23554,"Y":-48444,"Info":"\u5eca\u4e0b||\u82d7\u6728||5||51"}
{"ID":45,"X":-22894,"Y":-48226,"Info":"\u5eca\u4e0b||\u679c\u6797||3||36"}
{"ID":46,"X":-22164,"Y":-48558,"Info":"\u5eca\u4e0b||\u679c\u6797||3||37"}
{"ID":47,"X":-23349,"Y":-48837,"Info":"\u5eca\u4e0b||\u672a\u77e5||8||813"}
{"ID":48,"X":-23070,"Y":-49145,"Info":"\u5eca\u4e0b||\u672a\u77e5||8||814"}
{"ID":49,"X":-24960,"Y":-48602,"Info":"\u5eca\u4e0b||\u672a\u77e5||8||815"}
{"ID":50,"X":-24120,"Y":-48510,"Info":"\u5eca\u4e0b||\u672a\u77e5||8||816"}
{"ID":51,"X":-24457,"Y":-48644,"Info":"\u5eca\u4e0b||\u672a\u77e5||8||815"}
{"ID":52,"X":-25019,"Y":-48921,"Info":"\u5eca\u4e0b||\u672a\u77e5||8||817"}
{"ID":53,"X":-25116,"Y":-47739,"Info":"\u5eca\u4e0b||\u672a\u77e5||8||818"}
{"ID":54,"X":-24137,"Y":-47658,"Info":"\u5eca\u4e0b||\u672a\u77e5||8||819"}
{"ID":55,"X":-24031,"Y":-47848,"Info":"\u5eca\u4e0b||\u672a\u77e5||8||820"}
{"ID":56,"X":-24013,"Y":-49116,"Info":"\u5eca\u4e0b||\u672a\u77e5||8||821"}
{"ID":57,"X":-22029,"Y":-48932,"Info":"\u5eca\u4e0b||\u82d7\u6728||5||52"}
{"ID":58,"X":-24622,"Y":-48980,"Info":"\u5eca\u4e0b||\u672a\u77e5||8||822"}
{"ID":59,"X":-25838,"Y":-48748,"Info":"\u5eca\u4e0b||\u83dc\u7530||2||25"}
{"ID":60,"X":-26033,"Y":-48341,"Info":"\u5eca\u4e0b||\u672a\u77e5||8||823"}
{"ID":61,"X":-26504,"Y":-48068,"Info":"\u5eca\u4e0b||\u672a\u77e5||8||824"}
{"ID":62,"X":-26203,"Y":-48065,"Info":"\u5eca\u4e0b||\u672a\u77e5||8||825"}
{"ID":63,"X":-26530,"Y":-47732,"Info":"\u5eca\u4e0b||\u672a\u77e5||8||826"}
{"ID":64,"X":-26516,"Y":-47857,"Info":"\u5eca\u4e0b||\u679c\u6797||3||38"}
{"ID":65,"X":-26249,"Y":-47804,"Info":"\u5eca\u4e0b||\u672a\u77e5||8||827"}
{"ID":66,"X":-27123,"Y":-47867,"Info":"\u5eca\u4e0b||\u83dc\u5730||2||26"}
{"ID":67,"X":-28771,"Y":-48213,"Info":"\u5eca\u4e0b||\u672a\u77e5||8||828"}
{"ID":68,"X":-29084,"Y":-48207,"Info":"\u5eca\u4e0b||\u83dc\u5730||2||27"}
{"ID":69,"X":-28240,"Y":-47824,"Info":"\u5eca\u4e0b||\u7cae\u7530||1||18"}
{"ID":70,"X":-29278,"Y":-47434,"Info":"\u5eca\u4e0b||\u7cae\u7530||1||19"}
{"ID":71,"X":-29477,"Y":-47670,"Info":"\u5eca\u4e0b||\u672a\u77e5||8||829"}
{"ID":72,"X":-29345,"Y":-47740,"Info":"\u5eca\u4e0b||\u672a\u77e5||8||830"}
{"ID":73,"X":-30742,"Y":-47875,"Info":"\u5eca\u4e0b||\u82d7\u6728||5||53"}
{"ID":74,"X":-30640,"Y":-47470,"Info":"\u5eca\u4e0b||\u82d7\u6728||5||54"}
{"ID":75,"X":-30768,"Y":-47460,"Info":"\u5eca\u4e0b||\u82d7\u6728||5||55"}
{"ID":76,"X":-30930,"Y":-47609,"Info":"\u5eca\u4e0b||\u82d7\u6728||5||56"}
{"ID":77,"X":-31200,"Y":-47510,"Info":"\u5eca\u4e0b||\u679c\u6797||3||39"}
{"ID":78,"X":-31261,"Y":-47856,"Info":"\u5eca\u4e0b||\u82d7\u6728||5||57"}
{"ID":79,"X":"-31181","Y":"-48866","Info":"\u5eca\u4e0b||\u672a\u77e5||8||831"}
{"ID":80,"X":-30992,"Y":-48376,"Info":"\u5eca\u4e0b||\u82d7\u6728||5||58"}
{"ID":81,"X":-30912,"Y":-49020,"Info":"\u5eca\u4e0b||\u679c\u6797||3||310"}
{"ID":82,"X":-32350,"Y":-49334,"Info":"\u5eca\u4e0b||\u6797\u5730||4||41"}
{"ID":83,"X":-32688,"Y":-49060,"Info":"\u5eca\u4e0b||\u679c\u6797||3||311"}
{"ID":84,"X":-32159,"Y":-49961,"Info":"\u5eca\u4e0b||\u672a\u77e5||8||832"}
{"ID":85,"X":-32113,"Y":-50289,"Info":"\u5eca\u4e0b||\u82d7\u6728||5||59"}
{"ID":86,"X":-31259,"Y":-50135,"Info":"\u5eca\u4e0b||\u82d7\u6728||5||510"}
{"ID":87,"X":-30806,"Y":-50014,"Info":"\u5eca\u4e0b||\u7cae\u7530||1||10"}
{"ID":88,"X":-30065,"Y":-50219,"Info":"\u5eca\u4e0b||\u679c\u6797||3||312"}
{"ID":89,"X":-29918,"Y":-50232,"Info":"\u5eca\u4e0b||\u82d7\u6728||5||511"}
{"ID":90,"X":-29648,"Y":-50330,"Info":"\u5eca\u4e0b||\u83dc\u7530||2||28"}
{"ID":91,"X":-28104,"Y":-50826,"Info":"\u5eca\u4e0b||\u672a\u77e5||8||833"}
{"ID":92,"X":-27808,"Y":-50431,"Info":"\u5eca\u4e0b||\u672a\u77e5||8||834"}
{"ID":93,"X":-27572,"Y":-50648,"Info":"\u5eca\u4e0b||\u672a\u77e5||8||835"}
{"ID":94,"X":-27972,"Y":-49928,"Info":"\u5eca\u4e0b||\u82d7\u6728||5||512"}
{"ID":95,"X":-28178,"Y":-49987,"Info":"\u5eca\u4e0b||\u672a\u77e5||8||836"}
{"ID":96,"X":-28639,"Y":-49560,"Info":"\u5eca\u4e0b||\u672a\u77e5||8||837"}
{"ID":97,"X":-28427,"Y":-49177,"Info":"\u5eca\u4e0b||\u672a\u77e5||8||838"}
{"ID":98,"X":-28143,"Y":-49261,"Info":"\u5eca\u4e0b||\u672a\u77e5||8||839"}
{"ID":99,"X":-27729,"Y":-49396,"Info":"\u5eca\u4e0b||\u679c\u6797||3||313"}
{"ID":100,"X":-30058,"Y":-48572,"Info":"\u5eca\u4e0b||\u83dc\u7530||2||29"}
{"ID":101,"X":-29380,"Y":-48751,"Info":"\u5eca\u4e0b||\u672a\u77e5||8||840"}
{"ID":102,"X":-29640,"Y":-48900,"Info":"\u5eca\u4e0b||\u672a\u77e5||8||841"}
{"ID":103,"X":-29176,"Y":-48742,"Info":"\u5eca\u4e0b||\u672a\u77e5||8||842"}
{"ID":104,"X":-29503,"Y":-49534,"Info":"\u5eca\u4e0b||\u672a\u77e5||8||843"}
{"ID":105,"X":-29210,"Y":-48958,"Info":"\u5eca\u4e0b||\u672a\u77e5||8||844"}
{"ID":106,"X":-32942,"Y":-48459,"Info":"\u5eca\u4e0b||\u672a\u77e5||8||845"}
{"ID":107,"X":-32590,"Y":-50230,"Info":"\u5eca\u4e0b||\u82d7\u6728||5||513"}
{"ID":108,"X":-31738,"Y":-46129,"Info":"\u5eca\u4e0b||\u6797\u5730||4||42"}
{"ID":109,"X":-31388,"Y":-45876,"Info":"\u5eca\u4e0b||\u82d7\u6728||5||514"}
{"ID":110,"X":-31407,"Y":-45354,"Info":"\u5eca\u4e0b||\u672a\u77e5||8||846"}
{"ID":111,"X":-31063,"Y":-45216,"Info":"\u5eca\u4e0b||\u672a\u77e5||8||847"}
{"ID":112,"X":-31874,"Y":-45331,"Info":"\u5eca\u4e0b||\u672a\u77e5||8||848"}
{"ID":113,"X":-31622,"Y":-45286,"Info":"\u5eca\u4e0b||\u672a\u77e5||8||849"}
{"ID":114,"X":-32044,"Y":-45557,"Info":"\u5eca\u4e0b||\u6c34\u4ea7||6||61"}
{"ID":115,"X":-31240,"Y":-45136,"Info":"\u5eca\u4e0b||\u6c34\u4ea7||6||62"}
{"ID":116,"X":-26591,"Y":-50106,"Info":"\u5eca\u4e0b||\u672a\u77e5||8||850"}
{"ID":117,"X":"-21670","Y":"-48345","Info":"\u5f20\u5830\u9547||\u672a\u77e5||8||87"}
{"ID":118,"X":"-20638","Y":"-48071","Info":"\u5f20\u5830\u9547||\u672a\u77e5||8||89"}
{"ID":119,"X":"-19170","Y":"-48961","Info":"\u5f20\u5830\u9547||\u672a\u77e5||8||810"}
{"ID":120,"X":"-19772","Y":"-47215","Info":"\u5f20\u5830\u9547||\u83dc\u7530||2||24"}
{"ID":121,"X":"-18940","Y":"-46866","Info":"\u5f20\u5830\u9547||\u672a\u77e5||8||812"}
{"ID":122,"X":"-18597","Y":"-48938","Info":"\u5f20\u5830\u9547||\u672a\u77e5||8||811"}
{"ID":123,"X":"-22096","Y":"-47779","Info":"\u91d1\u5c71||\u672a\u77e5||8||88"}
{"ID":124,"X":-25664,"Y":-46539,"Info":"\u5eca\u4e0b||\u672a\u77e5||8||851"}
{"ID":125,"X":-26120,"Y":-46789,"Info":"\u5eca\u4e0b||\u755c\u79bd||7||71"}
{"ID":126,"X":-23715,"Y":-46686,"Info":"\u5eca\u4e0b||\u679c\u6797||3||314"}
{"ID":127,"X":-23898,"Y":-47293,"Info":"\u5eca\u4e0b||\u672a\u77e5||8||852"}
{"ID":128,"X":-24752,"Y":-46777,"Info":"\u5eca\u4e0b||\u672a\u77e5||8||853"}
{"ID":129,"X":-26522,"Y":-46266,"Info":"\u5eca\u4e0b||\u7cae\u7530||1||111"}
{"ID":130,"X":-27270,"Y":-46171,"Info":"\u5eca\u4e0b||\u672a\u77e5||8||854"}
{"ID":131,"X":-29889,"Y":-50412,"Info":"\u5eca\u4e0b||\u755c\u79bd||7||72"}
{"ID":132,"X":-30732,"Y":-46420,"Info":"\u5eca\u4e0b\u9547||\u7ecf\u6d4e\u679c\u6797||315||315\u7ecf\u6d4e\u679c\u6797"}
{"ID":133,"X":-30715,"Y":-48811,"Info":"\u5eca\u4e0b||\u8349\u5730||0||516\u8349\u5730"}
{"ID":134,"X":-30869,"Y":-49470,"Info":"\u5eca\u4e0b||\u8349\u5730||0||517"}
{"ID":135,"X":-30047,"Y":-49180,"Info":"\u5eca\u4e0b||\u83dc\u7530||0||210"}
{"ID":136,"X":-29379,"Y":-49498,"Info":"\u5eca\u4e0b||\u83dc\u7530||0||211"}
{"ID":137,"X":-28077,"Y":-49564,"Info":"\u5eca\u4e0b||\u82d7\u6728||0||212"}
{"ID":138,"X":-29007,"Y":-48974,"Info":"\u5eca\u4e0b||\u83dc\u7530||0||213"}
{"ID":139,"X":-24305,"Y":-49336,"Info":"\u5eca\u4e0b||\u83dc\u7530||0||214"}
{"ID":140,"X":-22034,"Y":-49194,"Info":"\u5eca\u4e0b||\u82d7\u6728||0||518\u82d7\u6728"}
{"ID":141,"X":-22182,"Y":-49193,"Info":"\u5eca\u4e0b||\u7ecf\u6d4e\u679c\u6797||0||316"}
{"ID":142,"X":-21563,"Y":-49279,"Info":"\u5eca\u4e0b||\u7ecf\u6d4e\u679c\u6797||0||317\u7ecf\u6d4e\u679c\u6797"}
{"ID":143,"X":-29789,"Y":-48638,"Info":"\u5eca\u4e0b||\u82d7\u6728||0||519"}
{"ID":144,"X":-32230,"Y":-48430,"Info":"\u5eca\u4e0b\u9547||\u82d7\u6728||0||520"}
{"ID":145,"X":-32512,"Y":-48306,"Info":"\u5eca\u4e0b\u9547||\u7cae\u7530||0||112"}
{"ID":146,"X":-27637,"Y":-49097,"Info":"\u5eca\u4e0b||\u7cae\u7530||0||113\u7cae\u7530"}
{"ID":147,"X":-27239,"Y":-49005,"Info":"\u5eca\u4e0b\u9547||\u7ecf\u6d4e\u679c\u6797||0||318\u7ecf\u6d4e\u679c\u6797"}
{"ID":148,"X":-23440,"Y":-47969,"Info":"\u5eca\u4e0b\u9547||\u82d7\u6728||0||521\u82d7\u6728"}
{"ID":149,"X":-22993,"Y":-48059,"Info":"\u5eca\u4e0b\u9547||\u82d7\u6728||0||521\u82d7\u6728"}
{"ID":150,"X":-23043,"Y":-47697,"Info":"\u5eca\u4e0b\u9547||\u7ecf\u6d4e\u679c\u6797||0||319\u679c\u6797"}
{"ID":151,"X":-23564,"Y":-47406,"Info":"\u5eca\u4e0b\u9547||\u83dc\u5730||0||215\u83dc\u5730"}
{"ID":152,"X":-24666,"Y":-47974,"Info":"\u5eca\u4e0b\u9547||\u7ecf\u6d4e\u679c\u6797||0||320\u679c\u6797"}
{"ID":153,"X":-24434,"Y":-47978,"Info":"\u5eca\u4e0b\u9547||\u7ecf\u6d4e\u679c\u6797||0||320\u7ecf\u6d4e\u679c\u6797"}
{"ID":154,"X":-24215,"Y":-47334,"Info":"\u5eca\u4e0b\u9547||\u679c\u6797||0||321\u679c\u6797"}
{"ID":155,"X":-26794,"Y":-46982,"Info":"\u5eca\u4e0b\u9547||\u83dc\u7530||0||216\u83dc\u7530"}
{"ID":156,"X":-26950,"Y":-46987,"Info":"\u5eca\u4e0b\u9547||\u7ecf\u6d4e\u679c\u6797||0||322\u7ecf\u6d4e\u679c\u6797"}
{"ID":157,"X":-27638,"Y":-46529,"Info":"\u5eca\u4e0b\u9547||\u679c\u6797||0||323\u679c\u6797"}
{"ID":158,"X":-27149,"Y":-46572,"Info":"\u5eca\u4e0b\u9547||\u7ecf\u6d4e\u56fd\u6797||0||323"}
{"ID":159,"X":-27525,"Y":-48357,"Info":"\u5eca\u4e0b\u9547||\u83dc\u7530||0||217"}
{"ID":160,"X":-31066,"Y":-45862,"Info":"\u5eca\u4e0b\u9547||\u82d7\u6728||0||522"}
{"ID":161,"X":-31054,"Y":-46563,"Info":"\u5eca\u4e0b\u9547||\u7ecf\u6d4e\u56fd\u6797||0||324"}
{"ID":162,"X":-32423,"Y":-48932,"Info":"\u5eca\u4e0b\u9547||\u679c\u6797||0||325"}
{"ID":163,"X":-31954,"Y":-48594,"Info":"\u5eca\u4e0b\u9547||\u679c\u6797||0||326"}
{"ID":164,"X":-32100,"Y":-49036,"Info":"\u5eca\u4e0b\u9547||\u82d7\u6728||0||327"}
{"ID":165,"X":-29955,"Y":-49811,"Info":"\u5eca\u4e0b\u9547||\u679c\u56ed||0||328"}
{"ID":"26","X":"-30085","Y":"-46485","Info":"\u5eca\u4e0b||12||12||12"}
