{"ID":2,"X":-24736,"Y":-47994,"Info":"p1||p1||6.20||\u672a\u77e5"}
{"ID":3,"X":-25024,"Y":-48040,"Info":"P2||2||622||\u672a\u77e5"}
{"ID":4,"X":-25077,"Y":-47733,"Info":"P3||3||622||\u679c\u56ed"}
{"ID":5,"X":-24839,"Y":-47863,"Info":"P4||4||622||\u672a\u77e5"}
{"ID":6,"X":-24882,"Y":-47683,"Info":"P5||5||622||\u7cae\u7530"}
{"ID":8,"X":-24426,"Y":-47718,"Info":"P7||7||622||\u679c\u56ed\n"}
{"ID":9,"X":-24129,"Y":-47656,"Info":"P8||8||622||\u7cae\u7530"}
{"ID":10,"X":-23943,"Y":-47462,"Info":"p9||9||622||\u672a\u77e5"}
{"ID":12,"X":-23493,"Y":-47590,"Info":"P6||6||622||\u7cae\u7530"}
{"ID":13,"X":-23034,"Y":-47715,"Info":"P10||10||622||\u679c\u56ed"}
{"ID":14,"X":-22780,"Y":-48005,"Info":"P11||11||622||\u679c\u56ed"}
{"ID":15,"X":-22800,"Y":-48190,"Info":"P12||12||622||\u672a\u77e5"}
{"ID":16,"X":-22923,"Y":-48071,"Info":"P13||13||622||\u6797\u5730"}
{"ID":17,"X":-22759,"Y":-48390,"Info":"P14||14||622||\u672a\u77e5"}
{"ID":18,"X":-24056,"Y":-47811,"Info":"P15||15||622||\u7cae\u7530"}
{"ID":"33","X":"-16356","Y":"57633","Info":"p1||1||14.07||1"}
{"ID":46,"X":-16263,"Y":57790,"Info":"p2||2||14.07||2"}
{"ID":"45","X":"-16297","Y":"57618","Info":"p3||3||14.07||3"}
{"ID":"32","X":"-16188","Y":"57618","Info":"p4||4||14.07||4"}
{"ID":"34","X":"-15818","Y":"57758","Info":"p5||5||14.07||13"}
{"ID":"36","X":"-15488","Y":"58154","Info":"p6||6||14.07||4"}
{"ID":"35","X":"-15267","Y":"58130","Info":"p7||7||14.07||5"}
{"ID":"39","X":"-15152","Y":"58167","Info":"p8||8||14.07||8"}
{"ID":"37","X":"-14838","Y":"58160","Info":"p9||9||14.07||7"}
{"ID":47,"X":-14800,"Y":58092,"Info":"p10||10||14.07||10"}
{"ID":"44","X":"-15126","Y":"57675","Info":"p11||11||14.07||11"}
{"ID":"43","X":"-15329","Y":"57316","Info":"p12||12||14.07||13"}
{"ID":"40","X":"-15388","Y":"57169","Info":"p13||13||14.07||13"}
{"ID":51,"X":-15465.5,"Y":57184,"Info":"p14||14||14.07||14"}
{"ID":"48","X":"-15468","Y":"57027","Info":"p15||15||14.07||15"}
{"ID":"49","X":"-15594","Y":"57079","Info":"p16||16||14.07||16"}
{"ID":"50","X":"-15921","Y":"57224","Info":"p17||17||14.07||17"}
